{
  "stats": {
    "suites": 6,
    "tests": 10,
    "passes": 9,
    "pending": 0,
    "failures": 1,
    "start": "2022-11-23T23:16:41.740Z",
    "end": "2022-11-23T23:17:01.754Z",
    "duration": 20014,
    "testsRegistered": 10,
    "passPercent": 90,
    "pendingPercent": 0,
    "other": 0,
    "hasOther": false,
    "skipped": 0,
    "hasSkipped": false
  },
  "results": [
    {
      "uuid": "9f1d877e-c106-492b-bbc5-2ace51a38732",
      "title": "",
      "fullFile": "",
      "file": "",
      "beforeHooks": [],
      "afterHooks": [],
      "tests": [],
      "suites": [
        {
          "uuid": "f21ad635-cb06-4b04-80a6-66f674c6e087",
          "title": "Prueba de selenium",
          "fullFile": "D:\\Trabajo\\Proyectos\\Entradas\\destinationrepo3\\soloselenium\\test\\selenium.test.js",
          "file": "\\test\\selenium.test.js",
          "beforeHooks": [],
          "afterHooks": [],
          "tests": [
            {
              "title": "Formulario de login",
              "fullTitle": "Prueba de selenium Formulario de login",
              "timedOut": true,
              "duration": 20006,
              "state": "failed",
              "speed": null,
              "pass": false,
              "fail": true,
              "pending": false,
              "context": null,
              "code": "try {\n    selenium.llenar_formulario(done);\n} catch (err) {\n    throw err;\n}",
              "err": {
                "message": "Error: Timeout of 20000ms exceeded. For async tests and hooks, ensure \"done()\" is called; if returning a Promise, ensure it resolves. (D:\\Trabajo\\Proyectos\\Entradas\\destinationrepo3\\soloselenium\\test\\selenium.test.js)",
                "estack": "Error: Timeout of 20000ms exceeded. For async tests and hooks, ensure \"done()\" is called; if returning a Promise, ensure it resolves. (D:\\Trabajo\\Proyectos\\Entradas\\destinationrepo3\\soloselenium\\test\\selenium.test.js)\n    at listOnTimeout (internal/timers.js:557:17)\n    at processTimers (internal/timers.js:500:7)",
                "diff": null
              },
              "uuid": "7e4ed175-f92e-454a-baf2-3e6556b17110",
              "parentUUID": "f21ad635-cb06-4b04-80a6-66f674c6e087",
              "isHook": false,
              "skipped": false
            }
          ],
          "suites": [],
          "passes": [],
          "failures": [
            "7e4ed175-f92e-454a-baf2-3e6556b17110"
          ],
          "pending": [],
          "skipped": [],
          "duration": 20006,
          "root": false,
          "rootEmpty": false,
          "_timeout": 20000
        },
        {
          "uuid": "9b3bb530-42a9-4404-874f-623930d156ec",
          "title": "Prueba 1",
          "fullFile": "D:\\Trabajo\\Proyectos\\Entradas\\destinationrepo3\\soloselenium\\test\\test.test.js",
          "file": "\\test\\test.test.js",
          "beforeHooks": [],
          "afterHooks": [],
          "tests": [],
          "suites": [
            {
              "uuid": "06f58ceb-272f-4d18-a1f6-44a4976b133b",
              "title": "Suma",
              "fullFile": "D:\\Trabajo\\Proyectos\\Entradas\\destinationrepo3\\soloselenium\\test\\test.test.js",
              "file": "\\test\\test.test.js",
              "beforeHooks": [],
              "afterHooks": [],
              "tests": [
                {
                  "title": "Deberia de retornar  1+1",
                  "fullTitle": "Prueba 1 Suma Deberia de retornar  1+1",
                  "timedOut": false,
                  "duration": 0,
                  "state": "passed",
                  "speed": "fast",
                  "pass": true,
                  "fail": false,
                  "pending": false,
                  "context": null,
                  "code": "assert.equal(1 + 1, 2);",
                  "err": {},
                  "uuid": "c5170135-2a13-4552-9cf9-7432ef681837",
                  "parentUUID": "06f58ceb-272f-4d18-a1f6-44a4976b133b",
                  "isHook": false,
                  "skipped": false
                }
              ],
              "suites": [],
              "passes": [
                "c5170135-2a13-4552-9cf9-7432ef681837"
              ],
              "failures": [],
              "pending": [],
              "skipped": [],
              "duration": 0,
              "root": false,
              "rootEmpty": false,
              "_timeout": 20000
            }
          ],
          "passes": [],
          "failures": [],
          "pending": [],
          "skipped": [],
          "duration": 0,
          "root": false,
          "rootEmpty": false,
          "_timeout": 20000
        },
        {
          "uuid": "c1d4baed-0e4f-4807-94bf-839771fb162c",
          "title": "Prueba con chai",
          "fullFile": "D:\\Trabajo\\Proyectos\\Entradas\\destinationrepo3\\soloselenium\\test\\test2.test.js",
          "file": "\\test\\test2.test.js",
          "beforeHooks": [],
          "afterHooks": [],
          "tests": [],
          "suites": [
            {
              "uuid": "4808b35f-8e8f-4855-b647-bda285971d7c",
              "title": "Prueba con expect",
              "fullFile": "D:\\Trabajo\\Proyectos\\Entradas\\destinationrepo3\\soloselenium\\test\\test2.test.js",
              "file": "\\test\\test2.test.js",
              "beforeHooks": [],
              "afterHooks": [],
              "tests": [
                {
                  "title": "Deberia de retornar 4",
                  "fullTitle": "Prueba con chai Prueba con expect Deberia de retornar 4",
                  "timedOut": false,
                  "duration": 0,
                  "state": "passed",
                  "speed": "fast",
                  "pass": true,
                  "fail": false,
                  "pending": false,
                  "context": null,
                  "code": "expect(1 + 3).to.equal(4)",
                  "err": {},
                  "uuid": "2388915d-1d0e-4b9e-b594-3918b7d59e54",
                  "parentUUID": "4808b35f-8e8f-4855-b647-bda285971d7c",
                  "isHook": false,
                  "skipped": false
                },
                {
                  "title": "Prueba con should",
                  "fullTitle": "Prueba con chai Prueba con expect Prueba con should",
                  "timedOut": false,
                  "duration": 0,
                  "state": "passed",
                  "speed": "fast",
                  "pass": true,
                  "fail": false,
                  "pending": false,
                  "context": null,
                  "code": "const suma = 1 + 3;\nsuma.should.be.a('number')",
                  "err": {},
                  "uuid": "f1977ed1-d794-48af-b9f2-aedd97a39ec7",
                  "parentUUID": "4808b35f-8e8f-4855-b647-bda285971d7c",
                  "isHook": false,
                  "skipped": false
                },
                {
                  "title": "Prueba con assert",
                  "fullTitle": "Prueba con chai Prueba con expect Prueba con assert",
                  "timedOut": false,
                  "duration": 0,
                  "state": "passed",
                  "speed": "fast",
                  "pass": true,
                  "fail": false,
                  "pending": false,
                  "context": null,
                  "code": "assert.equal(1 + 3, 4)",
                  "err": {},
                  "uuid": "d8f5ddf4-1866-468c-97e2-cd744af51961",
                  "parentUUID": "4808b35f-8e8f-4855-b647-bda285971d7c",
                  "isHook": false,
                  "skipped": false
                }
              ],
              "suites": [],
              "passes": [
                "2388915d-1d0e-4b9e-b594-3918b7d59e54",
                "f1977ed1-d794-48af-b9f2-aedd97a39ec7",
                "d8f5ddf4-1866-468c-97e2-cd744af51961"
              ],
              "failures": [],
              "pending": [],
              "skipped": [],
              "duration": 0,
              "root": false,
              "rootEmpty": false,
              "_timeout": 20000
            },
            {
              "uuid": "0849ea0d-ff98-4738-9785-1aff8e900a40",
              "title": "Prueba de metodos de operaciones",
              "fullFile": "D:\\Trabajo\\Proyectos\\Entradas\\destinationrepo3\\soloselenium\\test\\test2.test.js",
              "file": "\\test\\test2.test.js",
              "beforeHooks": [],
              "afterHooks": [],
              "tests": [
                {
                  "title": "Prueba de suma",
                  "fullTitle": "Prueba con chai Prueba de metodos de operaciones Prueba de suma",
                  "timedOut": false,
                  "duration": 0,
                  "state": "passed",
                  "speed": "fast",
                  "pass": true,
                  "fail": false,
                  "pending": false,
                  "context": null,
                  "code": "assert.equal(operaciones.suma(1, 3), 4);",
                  "err": {},
                  "uuid": "fd6971eb-3461-406a-ad6a-b657d8ad7072",
                  "parentUUID": "0849ea0d-ff98-4738-9785-1aff8e900a40",
                  "isHook": false,
                  "skipped": false
                },
                {
                  "title": "Prueba de resta",
                  "fullTitle": "Prueba con chai Prueba de metodos de operaciones Prueba de resta",
                  "timedOut": false,
                  "duration": 0,
                  "state": "passed",
                  "speed": "fast",
                  "pass": true,
                  "fail": false,
                  "pending": false,
                  "context": null,
                  "code": "assert.equal(operaciones.resta(1, 3), -2);",
                  "err": {},
                  "uuid": "6742412b-f4f0-4846-b8da-620cafb20130",
                  "parentUUID": "0849ea0d-ff98-4738-9785-1aff8e900a40",
                  "isHook": false,
                  "skipped": false
                },
                {
                  "title": "Prueba de multiplicacion",
                  "fullTitle": "Prueba con chai Prueba de metodos de operaciones Prueba de multiplicacion",
                  "timedOut": false,
                  "duration": 0,
                  "state": "passed",
                  "speed": "fast",
                  "pass": true,
                  "fail": false,
                  "pending": false,
                  "context": null,
                  "code": "assert.equal(operaciones.multiplicacion(1, 3), 3);",
                  "err": {},
                  "uuid": "e6a08615-8d2c-4845-9364-ff137ed7a657",
                  "parentUUID": "0849ea0d-ff98-4738-9785-1aff8e900a40",
                  "isHook": false,
                  "skipped": false
                },
                {
                  "title": "Prueba de division",
                  "fullTitle": "Prueba con chai Prueba de metodos de operaciones Prueba de division",
                  "timedOut": false,
                  "duration": 0,
                  "state": "passed",
                  "speed": "fast",
                  "pass": true,
                  "fail": false,
                  "pending": false,
                  "context": null,
                  "code": "assert.equal(operaciones.division(9, 3), 3);",
                  "err": {},
                  "uuid": "8a6478ee-f32e-48e3-b52f-028621c2a476",
                  "parentUUID": "0849ea0d-ff98-4738-9785-1aff8e900a40",
                  "isHook": false,
                  "skipped": false
                },
                {
                  "title": "Prueba de modulo",
                  "fullTitle": "Prueba con chai Prueba de metodos de operaciones Prueba de modulo",
                  "timedOut": false,
                  "duration": 0,
                  "state": "passed",
                  "speed": "fast",
                  "pass": true,
                  "fail": false,
                  "pending": false,
                  "context": null,
                  "code": "assert.equal(operaciones.modulo(1, 3), 1);",
                  "err": {},
                  "uuid": "f596352a-805b-43df-8157-829bc84d27d1",
                  "parentUUID": "0849ea0d-ff98-4738-9785-1aff8e900a40",
                  "isHook": false,
                  "skipped": false
                }
              ],
              "suites": [],
              "passes": [
                "fd6971eb-3461-406a-ad6a-b657d8ad7072",
                "6742412b-f4f0-4846-b8da-620cafb20130",
                "e6a08615-8d2c-4845-9364-ff137ed7a657",
                "8a6478ee-f32e-48e3-b52f-028621c2a476",
                "f596352a-805b-43df-8157-829bc84d27d1"
              ],
              "failures": [],
              "pending": [],
              "skipped": [],
              "duration": 0,
              "root": false,
              "rootEmpty": false,
              "_timeout": 20000
            }
          ],
          "passes": [],
          "failures": [],
          "pending": [],
          "skipped": [],
          "duration": 0,
          "root": false,
          "rootEmpty": false,
          "_timeout": 20000
        }
      ],
      "passes": [],
      "failures": [],
      "pending": [],
      "skipped": [],
      "duration": 0,
      "root": true,
      "rootEmpty": true,
      "_timeout": 20000
    }
  ],
  "meta": {
    "mocha": {
      "version": "10.1.0"
    },
    "mochawesome": {
      "options": {
        "quiet": false,
        "reportFilename": "Test_Report",
        "saveHtml": true,
        "saveJson": true,
        "consoleReporter": "spec",
        "useInlineDiffs": false,
        "code": true
      },
      "version": "7.1.3"
    },
    "marge": {
      "options": {
        "reportDir": "report",
        "reportFilename": "Test_Report"
      },
      "version": "6.2.0"
    }
  }
}