{
  "stats": {
    "suites": 6,
    "tests": 10,
    "passes": 10,
    "pending": 0,
    "failures": 0,
    "start": "2022-11-23T23:23:22.883Z",
    "end": "2022-11-23T23:23:35.209Z",
    "duration": 12326,
    "testsRegistered": 10,
    "passPercent": 100,
    "pendingPercent": 0,
    "other": 0,
    "hasOther": false,
    "skipped": 0,
    "hasSkipped": false
  },
  "results": [
    {
      "uuid": "65ee619f-b6fe-41e5-912f-40483bbb9a7a",
      "title": "",
      "fullFile": "",
      "file": "",
      "beforeHooks": [],
      "afterHooks": [],
      "tests": [],
      "suites": [
        {
          "uuid": "f9ff417a-22c7-46cb-827a-05942980e64c",
          "title": "Prueba de selenium",
          "fullFile": "D:\\Trabajo\\Proyectos\\Entradas\\destinationrepo3\\soloselenium\\test\\selenium.test.js",
          "file": "\\test\\selenium.test.js",
          "beforeHooks": [],
          "afterHooks": [],
          "tests": [
            {
              "title": "Formulario de login",
              "fullTitle": "Prueba de selenium Formulario de login",
              "timedOut": false,
              "duration": 12318,
              "state": "passed",
              "speed": "slow",
              "pass": true,
              "fail": false,
              "pending": false,
              "context": null,
              "code": "try {\n    selenium.llenar_formulario(done);\n} catch (err) {\n    throw err;\n}",
              "err": {},
              "uuid": "653ecdba-bfce-428b-b6db-e544585ac565",
              "parentUUID": "f9ff417a-22c7-46cb-827a-05942980e64c",
              "isHook": false,
              "skipped": false
            }
          ],
          "suites": [],
          "passes": [
            "653ecdba-bfce-428b-b6db-e544585ac565"
          ],
          "failures": [],
          "pending": [],
          "skipped": [],
          "duration": 12318,
          "root": false,
          "rootEmpty": false,
          "_timeout": 20000
        },
        {
          "uuid": "1437cba3-208e-4327-ab45-481f73bfdef0",
          "title": "Prueba 1",
          "fullFile": "D:\\Trabajo\\Proyectos\\Entradas\\destinationrepo3\\soloselenium\\test\\test.test.js",
          "file": "\\test\\test.test.js",
          "beforeHooks": [],
          "afterHooks": [],
          "tests": [],
          "suites": [
            {
              "uuid": "735415dc-77e9-4df2-81f3-92915b688964",
              "title": "Suma",
              "fullFile": "D:\\Trabajo\\Proyectos\\Entradas\\destinationrepo3\\soloselenium\\test\\test.test.js",
              "file": "\\test\\test.test.js",
              "beforeHooks": [],
              "afterHooks": [],
              "tests": [
                {
                  "title": "Deberia de retornar  1+1",
                  "fullTitle": "Prueba 1 Suma Deberia de retornar  1+1",
                  "timedOut": false,
                  "duration": 0,
                  "state": "passed",
                  "speed": "fast",
                  "pass": true,
                  "fail": false,
                  "pending": false,
                  "context": null,
                  "code": "assert.equal(1 + 1, 2);",
                  "err": {},
                  "uuid": "34814f05-7600-4a55-8016-0768fa3a4aa0",
                  "parentUUID": "735415dc-77e9-4df2-81f3-92915b688964",
                  "isHook": false,
                  "skipped": false
                }
              ],
              "suites": [],
              "passes": [
                "34814f05-7600-4a55-8016-0768fa3a4aa0"
              ],
              "failures": [],
              "pending": [],
              "skipped": [],
              "duration": 0,
              "root": false,
              "rootEmpty": false,
              "_timeout": 20000
            }
          ],
          "passes": [],
          "failures": [],
          "pending": [],
          "skipped": [],
          "duration": 0,
          "root": false,
          "rootEmpty": false,
          "_timeout": 20000
        },
        {
          "uuid": "9288a93e-ee72-40e9-864f-955f23a76c91",
          "title": "Prueba con chai",
          "fullFile": "D:\\Trabajo\\Proyectos\\Entradas\\destinationrepo3\\soloselenium\\test\\test2.test.js",
          "file": "\\test\\test2.test.js",
          "beforeHooks": [],
          "afterHooks": [],
          "tests": [],
          "suites": [
            {
              "uuid": "3387349d-3d01-40b8-8180-b90d9f748982",
              "title": "Prueba con expect",
              "fullFile": "D:\\Trabajo\\Proyectos\\Entradas\\destinationrepo3\\soloselenium\\test\\test2.test.js",
              "file": "\\test\\test2.test.js",
              "beforeHooks": [],
              "afterHooks": [],
              "tests": [
                {
                  "title": "Deberia de retornar 4",
                  "fullTitle": "Prueba con chai Prueba con expect Deberia de retornar 4",
                  "timedOut": false,
                  "duration": 0,
                  "state": "passed",
                  "speed": "fast",
                  "pass": true,
                  "fail": false,
                  "pending": false,
                  "context": null,
                  "code": "expect(1 + 3).to.equal(4)",
                  "err": {},
                  "uuid": "204cc8e2-4880-4c0c-870b-a3d0b0906aab",
                  "parentUUID": "3387349d-3d01-40b8-8180-b90d9f748982",
                  "isHook": false,
                  "skipped": false
                },
                {
                  "title": "Prueba con should",
                  "fullTitle": "Prueba con chai Prueba con expect Prueba con should",
                  "timedOut": false,
                  "duration": 1,
                  "state": "passed",
                  "speed": "fast",
                  "pass": true,
                  "fail": false,
                  "pending": false,
                  "context": null,
                  "code": "const suma = 1 + 3;\nsuma.should.be.a('number')",
                  "err": {},
                  "uuid": "e251edb0-4f4b-4735-9750-75eb44a4c657",
                  "parentUUID": "3387349d-3d01-40b8-8180-b90d9f748982",
                  "isHook": false,
                  "skipped": false
                },
                {
                  "title": "Prueba con assert",
                  "fullTitle": "Prueba con chai Prueba con expect Prueba con assert",
                  "timedOut": false,
                  "duration": 0,
                  "state": "passed",
                  "speed": "fast",
                  "pass": true,
                  "fail": false,
                  "pending": false,
                  "context": null,
                  "code": "assert.equal(1 + 3, 4)",
                  "err": {},
                  "uuid": "4d997660-6d6f-450f-8103-7189c25c5553",
                  "parentUUID": "3387349d-3d01-40b8-8180-b90d9f748982",
                  "isHook": false,
                  "skipped": false
                }
              ],
              "suites": [],
              "passes": [
                "204cc8e2-4880-4c0c-870b-a3d0b0906aab",
                "e251edb0-4f4b-4735-9750-75eb44a4c657",
                "4d997660-6d6f-450f-8103-7189c25c5553"
              ],
              "failures": [],
              "pending": [],
              "skipped": [],
              "duration": 1,
              "root": false,
              "rootEmpty": false,
              "_timeout": 20000
            },
            {
              "uuid": "74b9d1b0-0263-43be-801d-893c2c65c879",
              "title": "Prueba de metodos de operaciones",
              "fullFile": "D:\\Trabajo\\Proyectos\\Entradas\\destinationrepo3\\soloselenium\\test\\test2.test.js",
              "file": "\\test\\test2.test.js",
              "beforeHooks": [],
              "afterHooks": [],
              "tests": [
                {
                  "title": "Prueba de suma",
                  "fullTitle": "Prueba con chai Prueba de metodos de operaciones Prueba de suma",
                  "timedOut": false,
                  "duration": 0,
                  "state": "passed",
                  "speed": "fast",
                  "pass": true,
                  "fail": false,
                  "pending": false,
                  "context": null,
                  "code": "assert.equal(operaciones.suma(1, 3), 4);",
                  "err": {},
                  "uuid": "3bcf593a-e478-4c19-ba13-e298ce9356a2",
                  "parentUUID": "74b9d1b0-0263-43be-801d-893c2c65c879",
                  "isHook": false,
                  "skipped": false
                },
                {
                  "title": "Prueba de resta",
                  "fullTitle": "Prueba con chai Prueba de metodos de operaciones Prueba de resta",
                  "timedOut": false,
                  "duration": 0,
                  "state": "passed",
                  "speed": "fast",
                  "pass": true,
                  "fail": false,
                  "pending": false,
                  "context": null,
                  "code": "assert.equal(operaciones.resta(1, 3), -2);",
                  "err": {},
                  "uuid": "60d4054d-72ad-48f0-9031-d1a188e167f7",
                  "parentUUID": "74b9d1b0-0263-43be-801d-893c2c65c879",
                  "isHook": false,
                  "skipped": false
                },
                {
                  "title": "Prueba de multiplicacion",
                  "fullTitle": "Prueba con chai Prueba de metodos de operaciones Prueba de multiplicacion",
                  "timedOut": false,
                  "duration": 0,
                  "state": "passed",
                  "speed": "fast",
                  "pass": true,
                  "fail": false,
                  "pending": false,
                  "context": null,
                  "code": "assert.equal(operaciones.multiplicacion(1, 3), 3);",
                  "err": {},
                  "uuid": "41afa71a-f28a-4923-9d6f-2d916f3f4a2c",
                  "parentUUID": "74b9d1b0-0263-43be-801d-893c2c65c879",
                  "isHook": false,
                  "skipped": false
                },
                {
                  "title": "Prueba de division",
                  "fullTitle": "Prueba con chai Prueba de metodos de operaciones Prueba de division",
                  "timedOut": false,
                  "duration": 0,
                  "state": "passed",
                  "speed": "fast",
                  "pass": true,
                  "fail": false,
                  "pending": false,
                  "context": null,
                  "code": "assert.equal(operaciones.division(9, 3), 3);",
                  "err": {},
                  "uuid": "cadc726b-05ce-4f78-8078-9daf09c1ca94",
                  "parentUUID": "74b9d1b0-0263-43be-801d-893c2c65c879",
                  "isHook": false,
                  "skipped": false
                },
                {
                  "title": "Prueba de modulo",
                  "fullTitle": "Prueba con chai Prueba de metodos de operaciones Prueba de modulo",
                  "timedOut": false,
                  "duration": 0,
                  "state": "passed",
                  "speed": "fast",
                  "pass": true,
                  "fail": false,
                  "pending": false,
                  "context": null,
                  "code": "assert.equal(operaciones.modulo(1, 3), 1);",
                  "err": {},
                  "uuid": "8f85dfc8-39b5-4201-8a74-3d5dfa89d653",
                  "parentUUID": "74b9d1b0-0263-43be-801d-893c2c65c879",
                  "isHook": false,
                  "skipped": false
                }
              ],
              "suites": [],
              "passes": [
                "3bcf593a-e478-4c19-ba13-e298ce9356a2",
                "60d4054d-72ad-48f0-9031-d1a188e167f7",
                "41afa71a-f28a-4923-9d6f-2d916f3f4a2c",
                "cadc726b-05ce-4f78-8078-9daf09c1ca94",
                "8f85dfc8-39b5-4201-8a74-3d5dfa89d653"
              ],
              "failures": [],
              "pending": [],
              "skipped": [],
              "duration": 0,
              "root": false,
              "rootEmpty": false,
              "_timeout": 20000
            }
          ],
          "passes": [],
          "failures": [],
          "pending": [],
          "skipped": [],
          "duration": 0,
          "root": false,
          "rootEmpty": false,
          "_timeout": 20000
        }
      ],
      "passes": [],
      "failures": [],
      "pending": [],
      "skipped": [],
      "duration": 0,
      "root": true,
      "rootEmpty": true,
      "_timeout": 20000
    }
  ],
  "meta": {
    "mocha": {
      "version": "10.1.0"
    },
    "mochawesome": {
      "options": {
        "quiet": false,
        "reportFilename": "Test_Report",
        "saveHtml": true,
        "saveJson": true,
        "consoleReporter": "spec",
        "useInlineDiffs": false,
        "code": true
      },
      "version": "7.1.3"
    },
    "marge": {
      "options": {
        "reportDir": "report",
        "reportFilename": "Test_Report"
      },
      "version": "6.2.0"
    }
  }
}